0 info it worked if it ends with ok
1 verbose cli [ 'C:\\Program Files (x86)\\nodejs\\\\node.exe',
1 verbose cli   'C:\\Program Files (x86)\\nodejs\\node_modules\\npm\\bin\\npm-cli.js',
1 verbose cli   'run',
1 verbose cli   'build' ]
2 info using npm@1.4.28
3 info using node@v0.10.32
4 verbose node symlink C:\Program Files (x86)\nodejs\\node.exe
5 verbose run-script [ 'prebuild', 'build', 'postbuild' ]
6 info prebuild iPromise@0.7.0
7 info build iPromise@0.7.0
8 verbose unsafe-perm in lifecycle true
9 info iPromise@0.7.0 Failed to exec build script
10 error iPromise@0.7.0 build: `mkdir bin && browserify src/iPromise.js -s iPromise -o bin/iPromise.js`
10 error Exit status 1
11 error Failed at the iPromise@0.7.0 build script.
11 error This is most likely a problem with the iPromise package,
11 error not with npm itself.
11 error Tell the author that this fails on your system:
11 error     mkdir bin && browserify src/iPromise.js -s iPromise -o bin/iPromise.js
11 error You can get their info via:
11 error     npm owner ls iPromise
11 error There is likely additional logging output above.
12 error System Windows_NT 6.1.7601
13 error command "C:\\Program Files (x86)\\nodejs\\\\node.exe" "C:\\Program Files (x86)\\nodejs\\node_modules\\npm\\bin\\npm-cli.js" "run" "build"
14 error cwd F:\skyDrive\repos\self\iPromise
15 error node -v v0.10.32
16 error npm -v 1.4.28
17 error code ELIFECYCLE
18 verbose exit [ 1, true ]
